<?xml version="1.0" encoding="UTF-8"?>
<!-- Generated by org.testng.reporters.JUnitXMLReporter -->
<testsuite ignored="0" hostname="PLIN003999" failures="0" tests="6" name="Default test" time="5.465" errors="0" timestamp="2023-02-24T16:36:41 EST">
  <testcase classname="files.DynamicJson" name="addBook" time="3.081"/>
  <testcase classname="files.DynamicJson" name="addBook" time="0.51"/>
  <testcase classname="files.DynamicJson" name="addBook" time="0.475"/>
  <testcase classname="files.DynamicJson" name="deleteBook" time="0.441"/>
  <testcase classname="files.DynamicJson" name="deleteBook" time="0.446"/>
  <testcase classname="files.DynamicJson" name="deleteBook" time="0.442"/>
</testsuite> <!-- Default test -->
