<?xml version="1.0" encoding="UTF-8"?>
<testng-results ignored="0" total="6" passed="6" failed="0" skipped="0">
  <reporter-output>
  </reporter-output>
  <suite started-at="2023-02-24T16:36:35 EST" name="Default suite" finished-at="2023-02-24T16:36:41 EST" duration-ms="5465">
    <groups>
    </groups>
    <test started-at="2023-02-24T16:36:35 EST" name="Default test" finished-at="2023-02-24T16:36:41 EST" duration-ms="5465">
      <class name="files.DynamicJson">
        <test-method signature="addBook(java.lang.String,java.lang.String)[pri:0, instance:files.DynamicJson@c88a337]" started-at="2023-02-24T16:36:36 EST" name="addBook" data-provider="BooksData" finished-at="2023-02-24T16:36:39 EST" duration-ms="3081" status="PASS">
          <params>
            <param index="0">
              <value>
                <![CDATA[ohmygod]]>
              </value>
            </param>
            <param index="1">
              <value>
                <![CDATA[1321]]>
              </value>
            </param>
          </params>
          <reporter-output>
          </reporter-output>
        </test-method> <!-- addBook -->
        <test-method signature="addBook(java.lang.String,java.lang.String)[pri:0, instance:files.DynamicJson@c88a337]" started-at="2023-02-24T16:36:39 EST" name="addBook" data-provider="BooksData" finished-at="2023-02-24T16:36:39 EST" duration-ms="510" status="PASS">
          <params>
            <param index="0">
              <value>
                <![CDATA[Habits]]>
              </value>
            </param>
            <param index="1">
              <value>
                <![CDATA[0909]]>
              </value>
            </param>
          </params>
          <reporter-output>
          </reporter-output>
        </test-method> <!-- addBook -->
        <test-method signature="addBook(java.lang.String,java.lang.String)[pri:0, instance:files.DynamicJson@c88a337]" started-at="2023-02-24T16:36:39 EST" name="addBook" data-provider="BooksData" finished-at="2023-02-24T16:36:40 EST" duration-ms="475" status="PASS">
          <params>
            <param index="0">
              <value>
                <![CDATA[Yetss]]>
              </value>
            </param>
            <param index="1">
              <value>
                <![CDATA[0900]]>
              </value>
            </param>
          </params>
          <reporter-output>
          </reporter-output>
        </test-method> <!-- addBook -->
        <test-method signature="deleteBook(java.lang.String,java.lang.String)[pri:0, instance:files.DynamicJson@c88a337]" started-at="2023-02-24T16:36:40 EST" name="deleteBook" data-provider="BooksData" finished-at="2023-02-24T16:36:40 EST" duration-ms="441" status="PASS">
          <params>
            <param index="0">
              <value>
                <![CDATA[ohmygod]]>
              </value>
            </param>
            <param index="1">
              <value>
                <![CDATA[1321]]>
              </value>
            </param>
          </params>
          <reporter-output>
          </reporter-output>
        </test-method> <!-- deleteBook -->
        <test-method signature="deleteBook(java.lang.String,java.lang.String)[pri:0, instance:files.DynamicJson@c88a337]" started-at="2023-02-24T16:36:40 EST" name="deleteBook" data-provider="BooksData" finished-at="2023-02-24T16:36:40 EST" duration-ms="446" status="PASS">
          <params>
            <param index="0">
              <value>
                <![CDATA[Habits]]>
              </value>
            </param>
            <param index="1">
              <value>
                <![CDATA[0909]]>
              </value>
            </param>
          </params>
          <reporter-output>
          </reporter-output>
        </test-method> <!-- deleteBook -->
        <test-method signature="deleteBook(java.lang.String,java.lang.String)[pri:0, instance:files.DynamicJson@c88a337]" started-at="2023-02-24T16:36:40 EST" name="deleteBook" data-provider="BooksData" finished-at="2023-02-24T16:36:41 EST" duration-ms="442" status="PASS">
          <params>
            <param index="0">
              <value>
                <![CDATA[Yetss]]>
              </value>
            </param>
            <param index="1">
              <value>
                <![CDATA[0900]]>
              </value>
            </param>
          </params>
          <reporter-output>
          </reporter-output>
        </test-method> <!-- deleteBook -->
      </class> <!-- files.DynamicJson -->
    </test> <!-- Default test -->
  </suite> <!-- Default suite -->
</testng-results>
